\BOOKMARK [0][-]{chapter.1}{\376\377\000P\000R\000A\000C\000T\000I\000C\000A\000\040\000d\000e\000\040\000P\000R\000O\0002\000.}{}% 1
\BOOKMARK [0][-]{chapter.2}{\376\377\000\315\000n\000d\000i\000c\000e\000\040\000d\000e\000\040\000c\000l\000a\000s\000e\000s}{}% 2
\BOOKMARK [1][-]{section.2.1}{\376\377\000L\000i\000s\000t\000a\000\040\000d\000e\000\040\000c\000l\000a\000s\000e\000s}{chapter.2}% 3
\BOOKMARK [0][-]{chapter.3}{\376\377\000I\000n\000d\000i\000c\000e\000\040\000d\000e\000\040\000a\000r\000c\000h\000i\000v\000o\000s}{}% 4
\BOOKMARK [1][-]{section.3.1}{\376\377\000L\000i\000s\000t\000a\000\040\000d\000e\000\040\000a\000r\000c\000h\000i\000v\000o\000s}{chapter.3}% 5
\BOOKMARK [0][-]{chapter.4}{\376\377\000D\000o\000c\000u\000m\000e\000n\000t\000a\000c\000i\000\363\000n\000\040\000d\000e\000\040\000l\000a\000s\000\040\000c\000l\000a\000s\000e\000s}{}% 6
\BOOKMARK [1][-]{section.4.1}{\376\377\000R\000e\000f\000e\000r\000e\000n\000c\000i\000a\000\040\000d\000e\000\040\000l\000a\000\040\000C\000l\000a\000s\000e\000\040\000C\000e\000l\000u\000l\000a}{chapter.4}% 7
\BOOKMARK [2][-]{subsection.4.1.1}{\376\377\000D\000e\000s\000c\000r\000i\000p\000c\000i\000\363\000n\000\040\000d\000e\000t\000a\000l\000l\000a\000d\000a}{section.4.1}% 8
\BOOKMARK [2][-]{subsection.4.1.2}{\376\377\000D\000o\000c\000u\000m\000e\000n\000t\000a\000c\000i\000\363\000n\000\040\000d\000e\000l\000\040\000c\000o\000n\000s\000t\000r\000u\000c\000t\000o\000r\000\040\000y\000\040\000d\000e\000s\000t\000r\000u\000c\000t\000o\000r}{section.4.1}% 9
\BOOKMARK [3][-]{subsubsection.4.1.2.1}{\376\377\000C\000e\000l\000u\000l\000a}{subsection.4.1.2}% 10
\BOOKMARK [3][-]{subsubsection.4.1.2.2}{\376\377\000C\000e\000l\000u\000l\000a}{subsection.4.1.2}% 11
\BOOKMARK [2][-]{subsection.4.1.3}{\376\377\000D\000o\000c\000u\000m\000e\000n\000t\000a\000c\000i\000\363\000n\000\040\000d\000e\000\040\000l\000a\000s\000\040\000f\000u\000n\000c\000i\000o\000n\000e\000s\000\040\000m\000i\000e\000m\000b\000r\000o}{section.4.1}% 12
\BOOKMARK [3][-]{subsubsection.4.1.3.1}{\376\377\000m\000o\000d\000i\000f\000i\000c\000a\000r\000\137\000i\000d}{subsection.4.1.3}% 13
\BOOKMARK [3][-]{subsubsection.4.1.3.2}{\376\377\000m\000o\000d\000i\000f\000i\000c\000a\000r\000\137\000a\000c\000t\000i\000v\000a}{subsection.4.1.3}% 14
\BOOKMARK [3][-]{subsubsection.4.1.3.3}{\376\377\000c\000o\000n\000s\000u\000l\000t\000a\000r\000\137\000i\000d}{subsection.4.1.3}% 15
\BOOKMARK [3][-]{subsubsection.4.1.3.4}{\376\377\000c\000o\000n\000s\000u\000l\000t\000a\000r\000\137\000a\000c\000t\000i\000v\000a}{subsection.4.1.3}% 16
\BOOKMARK [3][-]{subsubsection.4.1.3.5}{\376\377\000l\000e\000e\000r\000\137\000c\000e\000l\000u\000l\000a}{subsection.4.1.3}% 17
\BOOKMARK [3][-]{subsubsection.4.1.3.6}{\376\377\000e\000s\000c\000r\000i\000b\000i\000r\000\137\000c\000e\000l\000u\000l\000a}{subsection.4.1.3}% 18
\BOOKMARK [2][-]{subsection.4.1.4}{\376\377\000D\000o\000c\000u\000m\000e\000n\000t\000a\000c\000i\000\363\000n\000\040\000d\000e\000\040\000l\000o\000s\000\040\000d\000a\000t\000o\000s\000\040\000m\000i\000e\000m\000b\000r\000o}{section.4.1}% 19
\BOOKMARK [3][-]{subsubsection.4.1.4.1}{\376\377\000i\000d}{subsection.4.1.4}% 20
\BOOKMARK [3][-]{subsubsection.4.1.4.2}{\376\377\000a\000c\000t\000i\000v\000a}{subsection.4.1.4}% 21
\BOOKMARK [1][-]{section.4.2}{\376\377\000R\000e\000f\000e\000r\000e\000n\000c\000i\000a\000\040\000d\000e\000\040\000l\000a\000\040\000C\000l\000a\000s\000e\000\040\000E\000x\000p\000e\000r\000i\000m\000e\000n\000t}{chapter.4}% 22
\BOOKMARK [2][-]{subsection.4.2.1}{\376\377\000D\000e\000s\000c\000r\000i\000p\000c\000i\000\363\000n\000\040\000d\000e\000t\000a\000l\000l\000a\000d\000a}{section.4.2}% 23
\BOOKMARK [2][-]{subsection.4.2.2}{\376\377\000D\000o\000c\000u\000m\000e\000n\000t\000a\000c\000i\000\363\000n\000\040\000d\000e\000l\000\040\000c\000o\000n\000s\000t\000r\000u\000c\000t\000o\000r\000\040\000y\000\040\000d\000e\000s\000t\000r\000u\000c\000t\000o\000r}{section.4.2}% 24
\BOOKMARK [3][-]{subsubsection.4.2.2.1}{\376\377\000E\000x\000p\000e\000r\000i\000m\000e\000n\000t}{subsection.4.2.2}% 25
\BOOKMARK [3][-]{subsubsection.4.2.2.2}{\376\377\000E\000x\000p\000e\000r\000i\000m\000e\000n\000t}{subsection.4.2.2}% 26
\BOOKMARK [2][-]{subsection.4.2.3}{\376\377\000D\000o\000c\000u\000m\000e\000n\000t\000a\000c\000i\000\363\000n\000\040\000d\000e\000\040\000l\000a\000s\000\040\000f\000u\000n\000c\000i\000o\000n\000e\000s\000\040\000m\000i\000e\000m\000b\000r\000o}{section.4.2}% 27
\BOOKMARK [3][-]{subsubsection.4.2.3.1}{\376\377\000r\000e\000p\000r\000o\000d\000u\000c\000c\000i\000o\000n}{subsection.4.2.3}% 28
\BOOKMARK [3][-]{subsubsection.4.2.3.2}{\376\377\000e\000s\000t\000i\000r\000o\000n}{subsection.4.2.3}% 29
\BOOKMARK [3][-]{subsubsection.4.2.3.3}{\376\377\000r\000e\000c\000o\000r\000t\000e}{subsection.4.2.3}% 30
\BOOKMARK [3][-]{subsubsection.4.2.3.4}{\376\377\000t\000a\000m\000a\000n\000o}{subsection.4.2.3}% 31
\BOOKMARK [3][-]{subsubsection.4.2.3.5}{\376\377\000t\000a\000m\000a\000n\000o\000\137\000m\000a\000x\000i\000m\000o}{subsection.4.2.3}% 32
\BOOKMARK [3][-]{subsubsection.4.2.3.6}{\376\377\000c\000o\000n\000s\000u\000l\000t\000a\000r\000\137\000v\000i\000u\000s}{subsection.4.2.3}% 33
\BOOKMARK [3][-]{subsubsection.4.2.3.7}{\376\377\000m\000u\000e\000r\000t\000o}{subsection.4.2.3}% 34
\BOOKMARK [3][-]{subsubsection.4.2.3.8}{\376\377\000l\000e\000e\000r\000\137\000e\000x\000p\000e\000r\000i\000m\000e\000n\000t}{subsection.4.2.3}% 35
\BOOKMARK [3][-]{subsubsection.4.2.3.9}{\376\377\000e\000s\000c\000r\000i\000b\000i\000r\000\137\000o\000r\000g\000a\000n\000i\000s\000m\000e}{subsection.4.2.3}% 36
\BOOKMARK [3][-]{subsubsection.4.2.3.10}{\376\377\000e\000s\000c\000r\000i\000b\000i\000r\000\137\000u\000l\000t\000i\000m\000s}{subsection.4.2.3}% 37
\BOOKMARK [2][-]{subsection.4.2.4}{\376\377\000D\000o\000c\000u\000m\000e\000n\000t\000a\000c\000i\000\363\000n\000\040\000d\000e\000\040\000l\000o\000s\000\040\000d\000a\000t\000o\000s\000\040\000m\000i\000e\000m\000b\000r\000o}{section.4.2}% 38
\BOOKMARK [3][-]{subsubsection.4.2.4.1}{\376\377\000M\000A\000X\000O\000R\000G\000A\000N\000I\000S\000M\000E\000S}{subsection.4.2.4}% 39
\BOOKMARK [3][-]{subsubsection.4.2.4.2}{\376\377\000m\000i\000d\000a}{subsection.4.2.4}% 40
\BOOKMARK [3][-]{subsubsection.4.2.4.3}{\376\377\000v\000i\000u\000s}{subsection.4.2.4}% 41
\BOOKMARK [3][-]{subsubsection.4.2.4.4}{\376\377\000E\000X\000P}{subsection.4.2.4}% 42
\BOOKMARK [3][-]{subsubsection.4.2.4.5}{\376\377\000e\000m\000p\000a\000r\000e\000l\000l\000a\000t\000s}{subsection.4.2.4}% 43
\BOOKMARK [1][-]{section.4.3}{\376\377\000R\000e\000f\000e\000r\000e\000n\000c\000i\000a\000\040\000d\000e\000\040\000l\000a\000\040\000C\000l\000a\000s\000e\000\040\000O\000r\000g\000a\000n\000i\000s\000m\000e}{chapter.4}% 44
\BOOKMARK [2][-]{subsection.4.3.1}{\376\377\000D\000e\000s\000c\000r\000i\000p\000c\000i\000\363\000n\000\040\000d\000e\000t\000a\000l\000l\000a\000d\000a}{section.4.3}% 45
\BOOKMARK [2][-]{subsection.4.3.2}{\376\377\000D\000o\000c\000u\000m\000e\000n\000t\000a\000c\000i\000\363\000n\000\040\000d\000e\000l\000\040\000c\000o\000n\000s\000t\000r\000u\000c\000t\000o\000r\000\040\000y\000\040\000d\000e\000s\000t\000r\000u\000c\000t\000o\000r}{section.4.3}% 46
\BOOKMARK [3][-]{subsubsection.4.3.2.1}{\376\377\000O\000r\000g\000a\000n\000i\000s\000m\000e}{subsection.4.3.2}% 47
\BOOKMARK [3][-]{subsubsection.4.3.2.2}{\376\377\000O\000r\000g\000a\000n\000i\000s\000m\000e}{subsection.4.3.2}% 48
\BOOKMARK [2][-]{subsection.4.3.3}{\376\377\000D\000o\000c\000u\000m\000e\000n\000t\000a\000c\000i\000\363\000n\000\040\000d\000e\000\040\000l\000a\000s\000\040\000f\000u\000n\000c\000i\000o\000n\000e\000s\000\040\000m\000i\000e\000m\000b\000r\000o}{section.4.3}% 49
\BOOKMARK [3][-]{subsubsection.4.3.3.1}{\376\377\000i\000n\000t\000e\000r\000s\000e\000c\000c\000i\000o\000n}{subsection.4.3.3}% 50
\BOOKMARK [3][-]{subsubsection.4.3.3.2}{\376\377\000c\000o\000m\000p\000a\000t\000i\000b\000l\000e\000s}{subsection.4.3.3}% 51
\BOOKMARK [3][-]{subsubsection.4.3.3.3}{\376\377\000c\000r\000e\000c\000e}{subsection.4.3.3}% 52
\BOOKMARK [3][-]{subsubsection.4.3.3.4}{\376\377\000d\000e\000c\000r\000e\000c\000e}{subsection.4.3.3}% 53
\BOOKMARK [3][-]{subsubsection.4.3.3.5}{\376\377\000i\000\137\000l\000e\000e\000r\000\137\000o\000r\000g\000a\000n\000i\000s\000m\000e}{subsection.4.3.3}% 54
\BOOKMARK [3][-]{subsubsection.4.3.3.6}{\376\377\000i\000\137\000e\000s\000c\000r\000i\000b\000i\000r\000\137\000o\000r\000g\000a\000n\000i\000s\000m\000e}{subsection.4.3.3}% 55
\BOOKMARK [3][-]{subsubsection.4.3.3.7}{\376\377\000t\000e\000\137\000a\000c\000t\000i\000v\000a}{subsection.4.3.3}% 56
\BOOKMARK [3][-]{subsubsection.4.3.3.8}{\376\377\000i\000\137\000r\000e\000p\000r\000o\000d\000u\000c\000c\000i\000o\000n}{subsection.4.3.3}% 57
\BOOKMARK [3][-]{subsubsection.4.3.3.9}{\376\377\000b\000u\000s\000c\000a\000r\000\137\000m\000a\000x\000i\000d}{subsection.4.3.3}% 58
\BOOKMARK [3][-]{subsubsection.4.3.3.10}{\376\377\000e\000s\000t\000i\000r\000o\000n}{subsection.4.3.3}% 59
\BOOKMARK [3][-]{subsubsection.4.3.3.11}{\376\377\000r\000e\000c\000o\000r\000t\000e}{subsection.4.3.3}% 60
\BOOKMARK [3][-]{subsubsection.4.3.3.12}{\376\377\000r\000e\000p\000r\000o\000d\000u\000c\000c\000i\000o\000n}{subsection.4.3.3}% 61
\BOOKMARK [3][-]{subsubsection.4.3.3.13}{\376\377\000e\000s\000t\000a\000\137\000v\000i\000v\000o}{subsection.4.3.3}% 62
\BOOKMARK [3][-]{subsubsection.4.3.3.14}{\376\377\000c\000o\000n\000s\000u\000l\000t\000a\000r\000\137\000t\000a\000m\000a\000n\000o}{subsection.4.3.3}% 63
\BOOKMARK [3][-]{subsubsection.4.3.3.15}{\376\377\000c\000o\000n\000s\000u\000l\000t\000a\000r\000\137\000i\000d}{subsection.4.3.3}% 64
\BOOKMARK [3][-]{subsubsection.4.3.3.16}{\376\377\000c\000o\000n\000s\000u\000l\000t\000a\000r\000\137\000m\000a\000x\000i\000d}{subsection.4.3.3}% 65
\BOOKMARK [3][-]{subsubsection.4.3.3.17}{\376\377\000c\000o\000n\000s\000u\000l\000t\000a\000r\000\137\000p\000o\000t\000c\000r\000e\000i\000x\000e\000r}{subsection.4.3.3}% 66
\BOOKMARK [3][-]{subsubsection.4.3.3.18}{\376\377\000l\000e\000e\000r\000\137\000o\000r\000g\000a\000n\000i\000s\000m\000e}{subsection.4.3.3}% 67
\BOOKMARK [3][-]{subsubsection.4.3.3.19}{\376\377\000e\000s\000c\000r\000i\000b\000i\000r\000\137\000o\000r\000g\000a\000n\000i\000s\000m\000e}{subsection.4.3.3}% 68
\BOOKMARK [2][-]{subsection.4.3.4}{\376\377\000D\000o\000c\000u\000m\000e\000n\000t\000a\000c\000i\000\363\000n\000\040\000d\000e\000\040\000l\000o\000s\000\040\000d\000a\000t\000o\000s\000\040\000m\000i\000e\000m\000b\000r\000o}{section.4.3}% 69
\BOOKMARK [3][-]{subsubsection.4.3.4.1}{\376\377\000O\000r\000g\000a\000n}{subsection.4.3.4}% 70
\BOOKMARK [3][-]{subsubsection.4.3.4.2}{\376\377\000p\000o\000t\000c\000r\000e\000i\000x\000e\000r}{subsection.4.3.4}% 71
\BOOKMARK [3][-]{subsubsection.4.3.4.3}{\376\377\000i\000d}{subsection.4.3.4}% 72
\BOOKMARK [3][-]{subsubsection.4.3.4.4}{\376\377\000m\000a\000x\000i\000d}{subsection.4.3.4}% 73
\BOOKMARK [3][-]{subsubsection.4.3.4.5}{\376\377\000t\000a\000m\000a\000n\000o}{subsection.4.3.4}% 74
\BOOKMARK [1][-]{section.4.4}{\376\377\000R\000e\000f\000e\000r\000e\000n\000c\000i\000a\000\040\000d\000e\000\040\000l\000a\000\040\000C\000l\000a\000s\000e\000\040\000R\000a\000n\000k\000i\000n\000g}{chapter.4}% 75
\BOOKMARK [2][-]{subsection.4.4.1}{\376\377\000D\000e\000s\000c\000r\000i\000p\000c\000i\000\363\000n\000\040\000d\000e\000t\000a\000l\000l\000a\000d\000a}{section.4.4}% 76
\BOOKMARK [2][-]{subsection.4.4.2}{\376\377\000D\000o\000c\000u\000m\000e\000n\000t\000a\000c\000i\000\363\000n\000\040\000d\000e\000l\000\040\000c\000o\000n\000s\000t\000r\000u\000c\000t\000o\000r\000\040\000y\000\040\000d\000e\000s\000t\000r\000u\000c\000t\000o\000r}{section.4.4}% 77
\BOOKMARK [3][-]{subsubsection.4.4.2.1}{\376\377\000R\000a\000n\000k\000i\000n\000g}{subsection.4.4.2}% 78
\BOOKMARK [2][-]{subsection.4.4.3}{\376\377\000D\000o\000c\000u\000m\000e\000n\000t\000a\000c\000i\000\363\000n\000\040\000d\000e\000\040\000l\000a\000s\000\040\000f\000u\000n\000c\000i\000o\000n\000e\000s\000\040\000m\000i\000e\000m\000b\000r\000o}{section.4.4}% 79
\BOOKMARK [3][-]{subsubsection.4.4.3.1}{\376\377\000a\000c\000t\000u\000a\000l\000i\000z\000a\000r\000\137\000r\000a\000n\000k\000i\000n\000g}{subsection.4.4.3}% 80
\BOOKMARK [3][-]{subsubsection.4.4.3.2}{\376\377\000e\000s\000c\000r\000i\000b\000i\000r\000\137\000r\000a\000n\000k\000i\000n\000g}{subsection.4.4.3}% 81
\BOOKMARK [2][-]{subsection.4.4.4}{\376\377\000D\000o\000c\000u\000m\000e\000n\000t\000a\000c\000i\000\363\000n\000\040\000d\000e\000\040\000l\000o\000s\000\040\000d\000a\000t\000o\000s\000\040\000m\000i\000e\000m\000b\000r\000o}{section.4.4}% 82
\BOOKMARK [3][-]{subsubsection.4.4.4.1}{\376\377\000r\000a\000n\000k}{subsection.4.4.4}% 83
\BOOKMARK [3][-]{subsubsection.4.4.4.2}{\376\377\000p\000o\000s\000i\000c\000i\000o\000n\000s}{subsection.4.4.4}% 84
\BOOKMARK [0][-]{chapter.5}{\376\377\000D\000o\000c\000u\000m\000e\000n\000t\000a\000c\000i\000\363\000n\000\040\000d\000e\000\040\000a\000r\000c\000h\000i\000v\000o\000s}{}% 85
\BOOKMARK [1][-]{section.5.1}{\376\377\000R\000e\000f\000e\000r\000e\000n\000c\000i\000a\000\040\000d\000e\000l\000\040\000A\000r\000c\000h\000i\000v\000o\000\040\000C\000e\000l\000u\000l\000a\000.\000c\000p\000p}{chapter.5}% 86
\BOOKMARK [2][-]{subsection.5.1.1}{\376\377\000D\000e\000s\000c\000r\000i\000p\000c\000i\000\363\000n\000\040\000d\000e\000t\000a\000l\000l\000a\000d\000a}{section.5.1}% 87
\BOOKMARK [1][-]{section.5.2}{\376\377\000R\000e\000f\000e\000r\000e\000n\000c\000i\000a\000\040\000d\000e\000l\000\040\000A\000r\000c\000h\000i\000v\000o\000\040\000C\000e\000l\000u\000l\000a\000.\000h\000p\000p}{chapter.5}% 88
\BOOKMARK [2][-]{subsection.5.2.1}{\376\377\000D\000e\000s\000c\000r\000i\000p\000c\000i\000\363\000n\000\040\000d\000e\000t\000a\000l\000l\000a\000d\000a}{section.5.2}% 89
\BOOKMARK [1][-]{section.5.3}{\376\377\000R\000e\000f\000e\000r\000e\000n\000c\000i\000a\000\040\000d\000e\000l\000\040\000A\000r\000c\000h\000i\000v\000o\000\040\000E\000x\000p\000e\000r\000i\000m\000e\000n\000t\000.\000c\000p\000p}{chapter.5}% 90
\BOOKMARK [2][-]{subsection.5.3.1}{\376\377\000D\000e\000s\000c\000r\000i\000p\000c\000i\000\363\000n\000\040\000d\000e\000t\000a\000l\000l\000a\000d\000a}{section.5.3}% 91
\BOOKMARK [1][-]{section.5.4}{\376\377\000R\000e\000f\000e\000r\000e\000n\000c\000i\000a\000\040\000d\000e\000l\000\040\000A\000r\000c\000h\000i\000v\000o\000\040\000E\000x\000p\000e\000r\000i\000m\000e\000n\000t\000.\000h\000p\000p}{chapter.5}% 92
\BOOKMARK [2][-]{subsection.5.4.1}{\376\377\000D\000e\000s\000c\000r\000i\000p\000c\000i\000\363\000n\000\040\000d\000e\000t\000a\000l\000l\000a\000d\000a}{section.5.4}% 93
\BOOKMARK [1][-]{section.5.5}{\376\377\000R\000e\000f\000e\000r\000e\000n\000c\000i\000a\000\040\000d\000e\000l\000\040\000A\000r\000c\000h\000i\000v\000o\000\040\000O\000r\000g\000a\000n\000i\000s\000m\000e\000.\000c\000p\000p}{chapter.5}% 94
\BOOKMARK [2][-]{subsection.5.5.1}{\376\377\000D\000e\000s\000c\000r\000i\000p\000c\000i\000\363\000n\000\040\000d\000e\000t\000a\000l\000l\000a\000d\000a}{section.5.5}% 95
\BOOKMARK [1][-]{section.5.6}{\376\377\000R\000e\000f\000e\000r\000e\000n\000c\000i\000a\000\040\000d\000e\000l\000\040\000A\000r\000c\000h\000i\000v\000o\000\040\000O\000r\000g\000a\000n\000i\000s\000m\000e\000.\000h\000p\000p}{chapter.5}% 96
\BOOKMARK [2][-]{subsection.5.6.1}{\376\377\000D\000e\000s\000c\000r\000i\000p\000c\000i\000\363\000n\000\040\000d\000e\000t\000a\000l\000l\000a\000d\000a}{section.5.6}% 97
\BOOKMARK [1][-]{section.5.7}{\376\377\000R\000e\000f\000e\000r\000e\000n\000c\000i\000a\000\040\000d\000e\000l\000\040\000A\000r\000c\000h\000i\000v\000o\000\040\000p\000r\000o\0002\000.\000c\000p\000p}{chapter.5}% 98
\BOOKMARK [2][-]{subsection.5.7.1}{\376\377\000D\000e\000s\000c\000r\000i\000p\000c\000i\000\363\000n\000\040\000d\000e\000t\000a\000l\000l\000a\000d\000a}{section.5.7}% 99
\BOOKMARK [2][-]{subsection.5.7.2}{\376\377\000D\000o\000c\000u\000m\000e\000n\000t\000a\000c\000i\000\363\000n\000\040\000d\000e\000\040\000l\000a\000s\000\040\000f\000u\000n\000c\000i\000o\000n\000e\000s}{section.5.7}% 100
\BOOKMARK [3][-]{subsubsection.5.7.2.1}{\376\377\000m\000a\000i\000n}{subsection.5.7.2}% 101
\BOOKMARK [1][-]{section.5.8}{\376\377\000R\000e\000f\000e\000r\000e\000n\000c\000i\000a\000\040\000d\000e\000l\000\040\000A\000r\000c\000h\000i\000v\000o\000\040\000R\000a\000n\000k\000i\000n\000g\000.\000c\000p\000p}{chapter.5}% 102
\BOOKMARK [2][-]{subsection.5.8.1}{\376\377\000D\000e\000s\000c\000r\000i\000p\000c\000i\000\363\000n\000\040\000d\000e\000t\000a\000l\000l\000a\000d\000a}{section.5.8}% 103
\BOOKMARK [1][-]{section.5.9}{\376\377\000R\000e\000f\000e\000r\000e\000n\000c\000i\000a\000\040\000d\000e\000l\000\040\000A\000r\000c\000h\000i\000v\000o\000\040\000R\000a\000n\000k\000i\000n\000g\000.\000h\000p\000p}{chapter.5}% 104
\BOOKMARK [2][-]{subsection.5.9.1}{\376\377\000D\000e\000s\000c\000r\000i\000p\000c\000i\000\363\000n\000\040\000d\000e\000t\000a\000l\000l\000a\000d\000a}{section.5.9}% 105
\BOOKMARK [-1][-]{subsection.5.9.1}{\376\377\000\315\000n\000d\000i\000c\000e}{}% 106
